<?xml version="1.0" encoding="UTF-8"?>
<!-- Generated by org.testng.reporters.JUnitXMLReporter -->
<testsuite hostname="DESKTOP-D7PUHMF" ignored="1" name="Default test" tests="3" failures="0" timestamp="09 Sep 2018 05:12:43 GMT" time="10.529" errors="0">
  <testcase name="getWeatherDetailsWithCorrectCityNameTest" time="5.144" classname="com.qa.rests.test.WeatherGetTest"/>
  <testcase name="getWeatherDetailsWithCorrectCityNameTest" time="1.115" classname="com.qa.rests.test.WeatherGetTest"/>
  <testcase name="getWeatherDetailsWithCorrectCityNameTest" time="1.209" classname="com.qa.rests.test.WeatherGetTest"/>
  <testcase name="getWeatherDetailsWithWrongCityNameTest" time="0.0" classname="com.qa.rests.test.WeatherGetTest">
    <ignored/>
  </testcase> <!-- getWeatherDetailsWithWrongCityNameTest -->
</testsuite> <!-- Default test -->
